\BOOKMARK [1][]{section.1}{\376\377\000I\000n\000t\000r\000o\000d\000u\000c\000t\000i\000o\000n}{}% 1
\BOOKMARK [2][]{subsection.1.1}{\376\377\000G\000e\000n\000e\000r\000a\000t\000i\000v\000e\000\040\000M\000o\000d\000e\000l\000l\000i\000n\000g}{section.1}% 2
\BOOKMARK [2][]{subsection.1.2}{\376\377\000T\000r\000i\000l\000e\000m\000m\000a\000\040\000o\000f\000\040\000G\000e\000n\000e\000r\000a\000t\000i\000v\000e\000\040\000L\000e\000a\000r\000n\000i\000n\000g}{section.1}% 3
\BOOKMARK [1][]{section.2}{\376\377\000B\000a\000c\000k\000g\000r\000o\000u\000n\000d}{}% 4
\BOOKMARK [2][]{subsection.2.1}{\376\377\000C\000l\000a\000s\000s\000i\000c\000a\000l\000\040\000I\000m\000a\000g\000e\000\040\000S\000y\000n\000t\000h\000e\000s\000i\000s}{section.2}% 5
\BOOKMARK [3][]{subsubsection.2.1.1}{\376\377\000R\000e\000s\000t\000r\000i\000c\000t\000e\000d\000\040\000B\000o\000l\000t\000z\000m\000a\000n\000n\000\040\000M\000a\000c\000h\000i\000n\000e}{subsection.2.1}% 6
\BOOKMARK [3][]{subsubsection.2.1.2}{\376\377\000V\000a\000r\000i\000a\000t\000i\000o\000n\000a\000l\000\040\000A\000u\000t\000o\000e\000n\000c\000o\000d\000e\000r}{subsection.2.1}% 7
\BOOKMARK [3][]{subsubsection.2.1.3}{\376\377\000G\000e\000n\000e\000r\000a\000t\000i\000v\000e\000\040\000A\000d\000v\000e\000r\000s\000a\000r\000i\000a\000l\000\040\000N\000e\000t\000w\000o\000r\000k\000s}{subsection.2.1}% 8
\BOOKMARK [3][]{subsubsection.2.1.4}{\376\377\000D\000e\000n\000o\000i\000s\000i\000n\000g\000\040\000D\000i\000f\000f\000u\000s\000i\000o\000n\000\040\000P\000r\000o\000b\000a\000b\000i\000l\000i\000s\000t\000i\000c\000\040\000M\000o\000d\000e\000l}{subsection.2.1}% 9
\BOOKMARK [2][]{subsection.2.2}{\376\377\000Q\000u\000a\000n\000t\000u\000m\000\040\000M\000a\000c\000h\000i\000n\000e\000\040\000L\000e\000a\000r\000n\000i\000n\000g}{section.2}% 10
\BOOKMARK [3][]{subsubsection.2.2.1}{\376\377\000Q\000u\000a\000n\000t\000u\000m\000\040\000B\000o\000l\000t\000z\000m\000a\000n\000n\000\040\000M\000a\000c\000h\000i\000n\000e}{subsection.2.2}% 11
\BOOKMARK [3][]{subsubsection.2.2.2}{\376\377\000I\000m\000a\000g\000e\000\040\000C\000l\000a\000s\000s\000i\000f\000i\000c\000a\000t\000i\000o\000n}{subsection.2.2}% 12
\BOOKMARK [3][]{subsubsection.2.2.3}{\376\377\000I\000m\000a\000g\000e\000\040\000S\000y\000n\000t\000h\000e\000s\000i\000s}{subsection.2.2}% 13
\BOOKMARK [1][]{section.3}{\376\377\000M\000e\000t\000h\000o\000d\000s}{}% 14
\BOOKMARK [2][]{subsection.3.1}{\376\377\000G\000o\000a\000l}{section.3}% 15
\BOOKMARK [2][]{subsection.3.2}{\376\377\000D\000a\000t\000a}{section.3}% 16
\BOOKMARK [2][]{subsection.3.3}{\376\377\000C\000l\000a\000s\000s\000i\000c\000a\000l\000\040\000M\000o\000d\000e\000l\000s}{section.3}% 17
\BOOKMARK [2][]{subsection.3.4}{\376\377\000Q\000u\000a\000n\000t\000u\000m\000\040\000M\000o\000d\000e\000l}{section.3}% 18
\BOOKMARK [2][]{subsection.3.5}{\376\377\000H\000y\000p\000e\000r\000-\000P\000a\000r\000a\000m\000e\000t\000e\000r\000s}{section.3}% 19
\BOOKMARK [2][]{subsection.3.6}{\376\377\000M\000e\000t\000r\000i\000c\000s}{section.3}% 20
\BOOKMARK [3][]{subsubsection.3.6.1}{\376\377\000I\000n\000c\000e\000p\000t\000i\000o\000n\000\040\000S\000c\000o\000r\000e}{subsection.3.6}% 21
\BOOKMARK [3][]{subsubsection.3.6.2}{\376\377\000F\000r\000\351\000c\000h\000e\000t\000\040\000I\000n\000c\000e\000p\000t\000i\000o\000n\000\040\000D\000i\000s\000t\000a\000n\000c\000e\000\040\000\050\000F\000I\000D\000\051}{subsection.3.6}% 22
\BOOKMARK [3][]{subsubsection.3.6.3}{\376\377\000K\000e\000r\000n\000e\000l\000\040\000I\000n\000c\000e\000p\000t\000i\000o\000n\000\040\000D\000i\000s\000t\000a\000n\000c\000e\000\040\000\050\000K\000I\000D\000\051}{subsection.3.6}% 23
\BOOKMARK [3][]{subsubsection.3.6.4}{\376\377\000Q\000u\000a\000n\000t\000i\000t\000a\000t\000i\000v\000e\000\040\000M\000e\000t\000r\000i\000c\000s}{subsection.3.6}% 24
\BOOKMARK [3][]{subsubsection.3.6.5}{\376\377\000Q\000u\000a\000l\000i\000t\000a\000t\000i\000v\000e\000\040\000M\000e\000t\000r\000i\000c\000s}{subsection.3.6}% 25
\BOOKMARK [1][]{section.4}{\376\377\000R\000e\000s\000u\000l\000t\000s}{}% 26
\BOOKMARK [2][]{subsection.4.1}{\376\377\000R\000e\000s\000t\000r\000i\000c\000t\000e\000d\000\040\000B\000o\000l\000t\000z\000m\000a\000n\000n\000\040\000M\000a\000c\000h\000i\000n\000e\000\040\000\050\000R\000B\000M\000\051}{section.4}% 27
\BOOKMARK [2][]{subsection.4.2}{\376\377\000V\000a\000r\000i\000a\000t\000i\000o\000n\000a\000l\000\040\000A\000u\000t\000o\000e\000n\000c\000o\000d\000e\000r\000\040\000\050\000V\000A\000E\000\051}{section.4}% 28
\BOOKMARK [2][]{subsection.4.3}{\376\377\000G\000e\000n\000e\000r\000a\000t\000i\000v\000e\000\040\000A\000d\000v\000e\000r\000s\000a\000r\000i\000a\000l\000\040\000N\000e\000t\000w\000o\000r\000k\000s\000\040\000\050\000G\000A\000N\000s\000\051}{section.4}% 29
\BOOKMARK [2][]{subsection.4.4}{\376\377\000D\000e\000n\000o\000i\000s\000i\000n\000g\000\040\000D\000i\000f\000f\000u\000s\000i\000o\000n\000\040\000P\000r\000o\000b\000a\000b\000i\000l\000i\000s\000t\000i\000c\000\040\000M\000o\000d\000e\000l\000\040\000\050\000D\000D\000P\000M\000\051}{section.4}% 30
\BOOKMARK [2][]{subsection.4.5}{\376\377\000Q\000u\000a\000n\000t\000u\000m\000\040\000B\000o\000l\000t\000z\000m\000a\000n\000n\000\040\000M\000a\000c\000h\000i\000n\000e\000\040\000\050\000Q\000B\000M\000\051}{section.4}% 31
\BOOKMARK [1][]{section.5}{\376\377\000A\000n\000a\000l\000y\000s\000i\000s}{}% 32
\BOOKMARK [2][]{subsection.5.1}{\376\377\000S\000c\000o\000r\000e\000s}{section.5}% 33
\BOOKMARK [3][]{subsubsection.5.1.1}{\376\377\000I\000n\000c\000e\000p\000t\000i\000o\000n\000\040\000S\000c\000o\000r\000e}{subsection.5.1}% 34
\BOOKMARK [3][]{subsubsection.5.1.2}{\376\377\000F\000r\000\351\000c\000h\000e\000t\000\040\000I\000n\000c\000e\000p\000t\000i\000o\000n\000\040\000D\000i\000s\000t\000a\000n\000c\000e}{subsection.5.1}% 35
\BOOKMARK [3][]{subsubsection.5.1.3}{\376\377\000K\000e\000r\000n\000e\000l\000\040\000I\000n\000c\000e\000p\000t\000i\000o\000n\000\040\000D\000i\000s\000t\000a\000n\000c\000e}{subsection.5.1}% 36
\BOOKMARK [2][]{subsection.5.2}{\376\377\000F\000e\000a\000t\000u\000r\000e\000\040\000E\000x\000t\000r\000a\000c\000t\000i\000o\000n}{section.5}% 37
\BOOKMARK [2][]{subsection.5.3}{\376\377\000T\000r\000i\000l\000e\000m\000m\000a\000\040\000o\000f\000\040\000G\000e\000n\000e\000r\000a\000t\000i\000v\000e\000\040\000L\000e\000a\000r\000n\000i\000n\000g}{section.5}% 38
\BOOKMARK [3][]{subsubsection.5.3.1}{\376\377\000H\000i\000g\000h\000-\000Q\000u\000a\000l\000i\000t\000y\000\040\000S\000a\000m\000p\000l\000i\000n\000g}{subsection.5.3}% 39
\BOOKMARK [3][]{subsubsection.5.3.2}{\376\377\000M\000o\000d\000e\000\040\000C\000o\000v\000e\000r\000a\000g\000e\000\040\000\046\000\040\000D\000i\000v\000e\000r\000s\000i\000t\000y}{subsection.5.3}% 40
\BOOKMARK [3][]{subsubsection.5.3.3}{\376\377\000F\000a\000s\000t\000\040\000S\000a\000m\000p\000l\000i\000n\000g}{subsection.5.3}% 41
\BOOKMARK [3][]{subsubsection.5.3.4}{\376\377\000C\000o\000n\000c\000l\000u\000s\000i\000o\000n\000s}{subsection.5.3}% 42
\BOOKMARK [1][]{section.6}{\376\377\000C\000o\000n\000c\000l\000u\000s\000i\000o\000n\000s\000\040\000\046\000\040\000F\000u\000t\000u\000r\000e\000\040\000W\000o\000r\000k}{}% 43
\BOOKMARK [2][]{subsection.6.1}{\376\377\000I\000m\000a\000g\000e\000\040\000P\000r\000e\000p\000r\000o\000c\000e\000s\000s\000i\000n\000g}{section.6}% 44
\BOOKMARK [2][]{subsection.6.2}{\376\377\000Q\000u\000a\000n\000t\000u\000m\000\040\000C\000o\000m\000p\000u\000t\000i\000n\000g}{section.6}% 45
\BOOKMARK [1][]{section.7}{\376\377\000R\000e\000f\000e\000r\000e\000n\000c\000e\000s}{}% 46
